#
# There is insufficient memory for the Java Runtime Environment to continue.
# Native memory allocation (malloc) failed to allocate 1048576 bytes. Error detail: AllocateHeap
# Possible reasons:
#   The system is out of physical RAM or swap space
#   This process is running with CompressedOops enabled, and the Java Heap may be blocking the growth of the native heap
# Possible solutions:
#   Reduce memory load on the system
#   Increase physical memory or swap space
#   Check if swap backing store is full
#   Decrease Java heap size (-Xmx/-Xms)
#   Decrease number of Java threads
#   Decrease Java thread stack sizes (-Xss)
#   Set larger code cache with -XX:ReservedCodeCacheSize=
#   JVM is running with Unscaled Compressed Oops mode in which the Java heap is
#     placed in the first 4GB address space. The Java Heap base address is the
#     maximum limit for the native heap growth. Please use -XX:HeapBaseMinAddress
#     to set the Java Heap base and to place the Java Heap above 4GB virtual address.
# This output file may be truncated or incomplete.
#
#  Out of Memory Error (allocation.cpp:44), pid=26900, tid=25000
#
# JRE version:  (17.0.18+8) (build )
# Java VM: OpenJDK 64-Bit Server VM (17.0.18+8-LTS, mixed mode, emulated-client, sharing, tiered, compressed oops, compressed class ptrs, g1 gc, windows-amd64)
# No core dump will be written. Minidumps are not enabled by default on client versions of Windows
#

---------------  S U M M A R Y ------------

Command Line: -XX:TieredStopAtLevel=1 com.booksphere.wishlistservice.WishlistServiceApplication

Host: AMD Ryzen 5 5600H with Radeon Graphics         , 12 cores, 7G,  Windows 11 , 64 bit Build 26100 (10.0.26100.7705)
Time: Mon May  4 14:47:10 2026 India Standard Time elapsed time: 0.048428 seconds (0d 0h 0m 0s)

---------------  T H R E A D  ---------------

Current thread (0x000001d3e4c40a70):  JavaThread "Unknown thread" [_thread_in_vm, id=25000, stack(0x0000008c0fd00000,0x0000008c0fe00000)]

Stack: [0x0000008c0fd00000,0x0000008c0fe00000]
Native frames: (J=compiled Java code, j=interpreted, Vv=VM code, C=native code)
V  [jvm.dll+0x68c879]  (no source info available)
V  [jvm.dll+0x845979]  (no source info available)
V  [jvm.dll+0x8476e8]  (no source info available)
V  [jvm.dll+0x847d73]  (no source info available)
V  [jvm.dll+0x24cf6f]  (no source info available)
V  [jvm.dll+0xa93f7]  (no source info available)
V  [jvm.dll+0x2e25e6]  (no source info available)
V  [jvm.dll+0x8186e2]  (no source info available)
V  [jvm.dll+0x377601]  (no source info available)
V  [jvm.dll+0x7f6d65]  (no source info available)
V  [jvm.dll+0x3fd47b]  (no source info available)
V  [jvm.dll+0x3ff0b1]  (no source info available)
C  [jli.dll+0x52f0]  (no source info available)
C  [ucrtbase.dll+0x37b0]  (no source info available)
C  [KERNEL32.DLL+0x2e8d7]  (no source info available)
C  [ntdll.dll+0x8c40c]  (no source info available)


---------------  P R O C E S S  ---------------

Threads class SMR info:
_java_thread_list=0x00007ff9380b6058, length=0, elements={
}

Java Threads: ( => current thread )

Other Threads:

=>0x000001d3e4c40a70 (exited) JavaThread "Unknown thread" [_thread_in_vm, id=25000, stack(0x0000008c0fd00000,0x0000008c0fe00000)]

Threads with active compile tasks:

VM state: not at safepoint (not fully initialized)

VM Mutex/Monitor currently owned by a thread: None

Heap address: 0x0000000000000000, size: 0 MB, Compressed Oops mode: 32-bit

CDS archive(s) mapped at: [0x0000000000000000-0x0000000000000000-0x0000000000000000), size 0, SharedBaseAddress: 0x0000000800000000, ArchiveRelocationMode: 1.
Narrow klass base: 0x0000000000000000, Narrow klass shift: 0, Narrow klass range: 0x0

GC Precious Log:
<Empty>

GC Heap History (0 events):
No events

Dll operation events (1 events):
Event: 0.034 Loaded shared library C:\Program Files\Microsoft\jdk-17.0.18.8-hotspot\bin\java.dll

Deoptimization events (0 events):
No events

Classes loaded (0 events):
No events

Classes unloaded (0 events):
No events

Classes redefined (0 events):
No events

Internal exceptions (0 events):
No events

VM Operations (0 events):
No events

Memory protections (0 events):
No events

Nmethod flushes (0 events):
No events

Events (0 events):
No events


Dynamic libraries:
0x00007ff6f09c0000 - 0x00007ff6f09ce000 	C:\Program Files\Microsoft\jdk-17.0.18.8-hotspot\bin\java.exe
0x00007ff9b25c0000 - 0x00007ff9b2828000 	C:\WINDOWS\SYSTEM32\ntdll.dll
0x00007ff9b13e0000 - 0x00007ff9b14a9000 	C:\WINDOWS\System32\KERNEL32.DLL
0x00007ff9afc90000 - 0x00007ff9b0081000 	C:\WINDOWS\System32\KERNELBASE.dll
0x00007ff9b0090000 - 0x00007ff9b01db000 	C:\WINDOWS\System32\ucrtbase.dll
0x00007ff9a21b0000 - 0x00007ff9a21c8000 	C:\Program Files\Microsoft\jdk-17.0.18.8-hotspot\bin\jli.dll
0x00007ff9a59f0000 - 0x00007ff9a5a0e000 	C:\Program Files\Microsoft\jdk-17.0.18.8-hotspot\bin\VCRUNTIME140.dll
0x00007ff9b1ae0000 - 0x00007ff9b1ca6000 	C:\WINDOWS\System32\USER32.dll
0x00007ff9af910000 - 0x00007ff9af937000 	C:\WINDOWS\System32\win32u.dll
0x00007ff997ff0000 - 0x00007ff998283000 	C:\WINDOWS\WinSxS\amd64_microsoft.windows.common-controls_6595b64144ccf1df_6.0.26100.7824_none_3e0870b2e3345462\COMCTL32.dll
0x00007ff9b04d0000 - 0x00007ff9b04fb000 	C:\WINDOWS\System32\GDI32.dll
0x00007ff9b0520000 - 0x00007ff9b05c9000 	C:\WINDOWS\System32\msvcrt.dll
0x00007ff9af940000 - 0x00007ff9afa6b000 	C:\WINDOWS\System32\gdi32full.dll
0x00007ff9afbe0000 - 0x00007ff9afc83000 	C:\WINDOWS\System32\msvcp_win.dll
0x00007ff9b14b0000 - 0x00007ff9b14e1000 	C:\WINDOWS\System32\IMM32.DLL
0x00007ff9a8b40000 - 0x00007ff9a8b4c000 	C:\Program Files\Microsoft\jdk-17.0.18.8-hotspot\bin\vcruntime140_1.dll
0x00007ff9a0b70000 - 0x00007ff9a0bf9000 	C:\Program Files\Microsoft\jdk-17.0.18.8-hotspot\bin\msvcp140.dll
0x00007ff937570000 - 0x00007ff9381ea000 	C:\Program Files\Microsoft\jdk-17.0.18.8-hotspot\bin\server\jvm.dll
0x00007ff9b1590000 - 0x00007ff9b1644000 	C:\WINDOWS\System32\ADVAPI32.dll
0x00007ff9b0fa0000 - 0x00007ff9b1046000 	C:\WINDOWS\System32\sechost.dll
0x00007ff9b1160000 - 0x00007ff9b1278000 	C:\WINDOWS\System32\RPCRT4.dll
0x00007ff9b1650000 - 0x00007ff9b16c4000 	C:\WINDOWS\System32\WS2_32.dll
0x00007ff9aecf0000 - 0x00007ff9aed4e000 	C:\WINDOWS\SYSTEM32\POWRPROF.dll
0x00007ff9a8b60000 - 0x00007ff9a8b95000 	C:\WINDOWS\SYSTEM32\WINMM.dll
0x00007ff9a8ba0000 - 0x00007ff9a8bab000 	C:\WINDOWS\SYSTEM32\VERSION.dll
0x00007ff9aecd0000 - 0x00007ff9aece4000 	C:\WINDOWS\SYSTEM32\UMPDC.dll
0x00007ff9adc40000 - 0x00007ff9adc5b000 	C:\WINDOWS\SYSTEM32\kernel.appcore.dll
0x00007ff9a6220000 - 0x00007ff9a622a000 	C:\Program Files\Microsoft\jdk-17.0.18.8-hotspot\bin\jimage.dll
0x00007ff9a3de0000 - 0x00007ff9a4022000 	C:\WINDOWS\SYSTEM32\DBGHELP.DLL
0x00007ff9b1750000 - 0x00007ff9b1ad6000 	C:\WINDOWS\System32\combase.dll
0x00007ff9b1080000 - 0x00007ff9b1157000 	C:\WINDOWS\System32\OLEAUT32.dll
0x00007ff9976c0000 - 0x00007ff9976fb000 	C:\WINDOWS\SYSTEM32\dbgcore.DLL
0x00007ff9afb30000 - 0x00007ff9afbd5000 	C:\WINDOWS\System32\bcryptPrimitives.dll
0x00007ff9a0d30000 - 0x00007ff9a0d56000 	C:\Program Files\Microsoft\jdk-17.0.18.8-hotspot\bin\java.dll

dbghelp: loaded successfully - version: 4.0.5 - missing functions: none
symbol engine: initialized successfully - sym options: 0x614 - pdb path: .;C:\Program Files\Microsoft\jdk-17.0.18.8-hotspot\bin;C:\WINDOWS\SYSTEM32;C:\WINDOWS\WinSxS\amd64_microsoft.windows.common-controls_6595b64144ccf1df_6.0.26100.7824_none_3e0870b2e3345462;C:\Program Files\Microsoft\jdk-17.0.18.8-hotspot\bin\server

VM Arguments:
jvm_args: -XX:TieredStopAtLevel=1 
java_command: com.booksphere.wishlistservice.WishlistServiceApplication
java_class_path (initial): C:\Users\HP PC\OneDrive\Desktop\BookSphere\backend\wishlist-service\target\classes;C:\Users\HP PC\.m2\repository\org\springframework\boot\spring-boot-mongodb\4.0.6\spring-boot-mongodb-4.0.6.jar;C:\Users\HP PC\.m2\repository\org\mongodb\mongodb-driver-sync\5.6.5\mongodb-driver-sync-5.6.5.jar;C:\Users\HP PC\.m2\repository\org\mongodb\bson\5.6.5\bson-5.6.5.jar;C:\Users\HP PC\.m2\repository\org\mongodb\mongodb-driver-core\5.6.5\mongodb-driver-core-5.6.5.jar;C:\Users\HP PC\.m2\repository\org\mongodb\bson-record-codec\5.6.5\bson-record-codec-5.6.5.jar;C:\Users\HP PC\.m2\repository\org\springframework\boot\spring-boot-data-mongodb\4.0.6\spring-boot-data-mongodb-4.0.6.jar;C:\Users\HP PC\.m2\repository\org\springframework\boot\spring-boot-data-commons\4.0.6\spring-boot-data-commons-4.0.6.jar;C:\Users\HP PC\.m2\repository\org\springframework\boot\spring-boot-persistence\4.0.6\spring-boot-persistence-4.0.6.jar;C:\Users\HP PC\.m2\repository\org\springframework\data\spring-data-commons\4.0.5\spring-data-commons-4.0.5.jar;C:\Users\HP PC\.m2\repository\org\springframework\boot\spring-boot-transaction\4.0.6\spring-boot-transaction-4.0.6.jar;C:\Users\HP PC\.m2\repository\org\springframework\spring-tx\7.0.7\spring-tx-7.0.7.jar;C:\Users\HP PC\.m2\repository\org\springframework\data\spring-data-mongodb\5.0.5\spring-data-mongodb-5.0.5.jar;C:\Users\HP PC\.m2\repository\org\springframework\spring-context\7.0.7\spring-context-7.0.7.jar;C:\Users\HP PC\.m2\repository\org\springframework\spring-expression\7.0.7\spring-expression-7.0.7.jar;C:\Users\HP PC\.m2\repository\ch\qos\logback\logback-classic\1.5.32\logback-classic-1.5.32.jar;C:\Users\HP PC\.m2\repository\ch\qos\logback\logback-core\1.5.32\logback-core-1.5.32.jar;C:\Users\HP PC\.m2\repository\org\apache\logging\log4j\log4j-to-slf4j\2.25.4\log4j-to-slf4j-2.25.4.jar;C:\Users\HP PC\.m2\repository\org\apache\logging\log4j\log4j-api\2.25.4\log4j-api-2.25.4.jar;C:\Users\HP PC\.m2\repository\org\slf4j\jul-to-slf4j\
Launcher Type: SUN_STANDARD

[Global flags]
     intx CICompilerCount                          = 4                                         {product} {ergonomic}
     uint ConcGCThreads                            = 3                                         {product} {ergonomic}
     uint G1ConcRefinementThreads                  = 10                                        {product} {ergonomic}
   size_t G1HeapRegionSize                         = 1048576                                   {product} {ergonomic}
    uintx GCDrainStackTargetSize                   = 64                                        {product} {ergonomic}
   size_t InitialHeapSize                          = 123731968                                 {product} {ergonomic}
   size_t MarkStackSize                            = 4194304                                   {product} {ergonomic}
   size_t MaxHeapSize                              = 1971322880                                {product} {ergonomic}
   size_t MinHeapDeltaBytes                        = 1048576                                   {product} {ergonomic}
   size_t MinHeapSize                              = 8388608                                   {product} {ergonomic}
    uintx NonProfiledCodeHeapSize                  = 0                                      {pd product} {ergonomic}
     bool ProfileInterpreter                       = false                                  {pd product} {command line}
    uintx ProfiledCodeHeapSize                     = 0                                      {pd product} {ergonomic}
   size_t SoftMaxHeapSize                          = 1971322880                             {manageable} {ergonomic}
     intx TieredStopAtLevel                        = 1                                         {product} {command line}
     bool UseCompressedClassPointers               = true                           {product lp64_product} {ergonomic}
     bool UseCompressedOops                        = true                           {product lp64_product} {ergonomic}
     bool UseG1GC                                  = true                                      {product} {ergonomic}
     bool UseLargePagesIndividualAllocation        = false                                  {pd product} {ergonomic}

Logging:
Log output configuration:
 #0: stdout all=warning uptime,level,tags
 #1: stderr all=off uptime,level,tags

Environment Variables:
JAVA_HOME=C:\Program Files\Microsoft\jdk-17.0.18.8-hotspot
PATH=C:\Program Files\Microsoft\jdk-17.0.18.8-hotspot\bin;C:\Python313\Scripts\;C:\Python313\;C:\Program Files\NVIDIA GPU Computing Toolkit\CUDA\v13.0\bin\x64;C:\Program Files\NVIDIA GPU Computing Toolkit\CUDA\v13.0\bin;C:\Program Files\NVIDIA GPU Computing Toolkit\CUDA\v12.6\bin;C:\Program Files\NVIDIA GPU Computing Toolkit\CUDA\v12.6\libnvvp;C:\Python312\Scripts\;C:\Python312\;C:\Program Files\Common Files\Oracle\Java\javapath;C:\windows\system32;C:\windows;C:\windows\System32\Wbem;C:\windows\System32\WindowsPowerShell\v1.0\;C:\windows\System32\OpenSSH\;C:\Program Files (x86)\NVIDIA Corporation\PhysX\Common;C:\Program Files\NVIDIA Corporation\NVIDIA NvDLISR;C:\Program Files\Java\jdk-20\bin;C:\ProgramData\chocolatey\bin;C:\WINDOWS\system32;C:\WINDOWS;C:\WINDOWS\System32\Wbem;C:\WINDOWS\System32\WindowsPowerShell\v1.0\;C:\WINDOWS\System32\OpenSSH\;C:\Users\HP\AppData\Local\Programs\Python\Python39\Scripts;C:\Program Files\NVIDIA Corporation\Nsight Compute 2025.3.0\;C:\Program Files\nodejs\;C:\Program Files\Git\cmd;C:\Program Files\Apache\Maven\apache-maven-3.9.12\bin;;C:\Program Files\Cloudflare\Cloudflare WARP\;C:\Program Files\cursor\resources\app\bin;C:\Program Files\Docker\Docker\resources\bin;C:\Program Files\MySQL\MySQL Shell 8.0\bin\;C:\Users\HP PC\AppData\Local\Programs\Python\Launcher\;C:\Users\HP PC\AppData\Local\Microsoft\WindowsApps;C:\Program Files\JetBrains\IntelliJ IDEA Community Edition 2023.2\bin;C:\Users\HP PC\AppData\Local\Microsoft\WinGet\Packages\Schniz.fnm_Microsoft.Winget.Source_8wekyb3d8bbwe;C:\Users\HP PC\AppData\Local\Programs\Microsoft VS Code\bin;C:\Users\HP PC\AppData\Local\Programs\cursor\resources\app\bin;C:\Users\HP PC\AppData\Roaming\npm;C:\Users\HP PC\AppData\Local\Microsoft\WindowsApps;C:\Users\HP PC\Downloads\jdk-17.0.12_windows-x64_bin\jdk-17.0.12;C:\Users\HP PC\AppData\Local\Programs\Antigravity\bin
USERNAME=HP PC
OS=Windows_NT
PROCESSOR_IDENTIFIER=AMD64 Family 25 Model 80 Stepping 0, AuthenticAMD
TMP=C:\Users\HPPC~1\AppData\Local\Temp
TEMP=C:\Users\HPPC~1\AppData\Local\Temp



Periodic native trim disabled


---------------  S Y S T E M  ---------------

OS:
 Windows 11 , 64 bit Build 26100 (10.0.26100.7705)
OS uptime: 0 days 3:20 hours
Hyper-V role detected

CPU: total 12 (initial active 12) (12 cores per cpu, 2 threads per core) family 25 model 80 stepping 0 microcode 0xa50000f, cx8, cmov, fxsr, ht, mmx, 3dnowpref, sse, sse2, sse3, ssse3, sse4a, sse4.1, sse4.2, popcnt, lzcnt, tsc, tscinvbit, avx, avx2, aes, erms, clmul, bmi1, bmi2, adx, sha, fma, vzeroupper, clflush, clflushopt, hv
Processor Information for the first 12 processors :
  Max Mhz: 3301, Current Mhz: 3301, Mhz Limit: 3301

Memory: 4k page, system-wide physical 7518M (425M free)
TotalPageFile size 24622M (AvailPageFile size 10M)
current process WorkingSet (physical memory assigned to process): 11M, peak: 11M
current process commit charge ("private bytes"): 11M, peak: 12M

vm_info: OpenJDK 64-Bit Server VM (17.0.18+8-LTS) for windows-amd64 JRE (17.0.18+8-LTS), built on Jan 15 2026 18:50:45 by "MicrosoftCorporation" with MS VC++ 17.14 (VS2022)

END.
